-------------------------------------------------------------------------------
Test set: Eating too many cucumbers may not be good for you
-------------------------------------------------------------------------------
Tests run: 1, Failures: 0, Errors: 1, Skipped: 0, Time elapsed: 0.251 s <<< FAILURE! - in Eating too many cucumbers may not be good for you
Eating too many cucumbers may not be good for you.Eating a few is no problem  Time elapsed: 0.251 s  <<< ERROR!
java.lang.NullPointerException

